Audio Diagnosis Log - Thu Dec 26 11:28:37 AM MST 2024
----------------------------------------
1. USB Devices:
Bus 001 Device 001: ID 1d6b:0002 Linux Foundation 2.0 root hub
Bus 001 Device 002: ID 05e3:0610 Genesys Logic, Inc. Hub
Bus 001 Device 004: ID 046d:c52b Logitech, Inc. Unifying Receiver
Bus 001 Device 006: ID 0bda:58fd Realtek Semiconductor Corp. Integrated_Webcam_HD
Bus 001 Device 009: ID 8087:0026 Intel Corp. AX201 Bluetooth
Bus 001 Device 023: ID 0bda:5411 Realtek Semiconductor Corp. RTS5411 Hub
Bus 001 Device 025: ID 0bda:5411 Realtek Semiconductor Corp. RTS5411 Hub
Bus 001 Device 027: ID 0bda:5411 Realtek Semiconductor Corp. RTS5411 Hub
Bus 001 Device 029: ID 041e:4095 Creative Technology, Ltd Live! Cam Sync HD [VF0770]
Bus 001 Device 036: ID 05e3:0608 Genesys Logic, Inc. Hub
Bus 001 Device 037: ID 0b95:6804 ASIX Electronics Corp. AX68004
Bus 001 Device 038: ID 045e:076c Microsoft Corp. Comfort Mouse 4500
Bus 001 Device 039: ID 0c45:5004 Microdia Redragon Mitra RGB Keyboard
Bus 002 Device 001: ID 1d6b:0003 Linux Foundation 3.0 root hub
Bus 003 Device 001: ID 1d6b:0002 Linux Foundation 2.0 root hub
Bus 004 Device 001: ID 1d6b:0003 Linux Foundation 3.0 root hub
Bus 004 Device 002: ID 05e3:0626 Genesys Logic, Inc. Hub
Bus 004 Device 003: ID 0bda:0411 Realtek Semiconductor Corp. Hub
Bus 004 Device 004: ID 0bda:0411 Realtek Semiconductor Corp. Hub
Bus 004 Device 005: ID 0bda:0411 Realtek Semiconductor Corp. Hub
Bus 004 Device 006: ID 0b95:1790 ASIX Electronics Corp. AX88179 Gigabit Ethernet
----------------------------------------
2. ALSA Devices:
**** List of PLAYBACK Hardware Devices ****
card 2: PCH [HDA Intel PCH], device 0: ALC3254 Analog [ALC3254 Analog]
  Subdevices: 1/1
  Subdevice #0: subdevice #0
card 2: PCH [HDA Intel PCH], device 3: HDMI 0 [Sceptre E22]
  Subdevices: 1/1
  Subdevice #0: subdevice #0
card 2: PCH [HDA Intel PCH], device 7: HDMI 1 [HDMI 1]
  Subdevices: 1/1
  Subdevice #0: subdevice #0
card 2: PCH [HDA Intel PCH], device 8: HDMI 2 [HDMI 2]
  Subdevices: 1/1
  Subdevice #0: subdevice #0
**** List of CAPTURE Hardware Devices ****
card 1: VF0770 [Live! Cam Sync HD VF0770], device 0: USB Audio [USB Audio]
  Subdevices: 1/1
  Subdevice #0: subdevice #0
card 2: PCH [HDA Intel PCH], device 0: ALC3254 Analog [ALC3254 Analog]
  Subdevices: 1/1
  Subdevice #0: subdevice #0
----------------------------------------
4. PipeWire Nodes:
----------------------------------------
5. Kernel Modules:
snd_seq_dummy          12288  0
snd_hrtimer            12288  1
snd_hda_codec_hdmi     94208  1
snd_ctl_led            24576  0
snd_hda_codec_realtek   200704  1
snd_hda_codec_generic   122880  1 snd_hda_codec_realtek
snd_sof_pci_intel_cnl    12288  0
snd_sof_intel_hda_common   217088  1 snd_sof_pci_intel_cnl
soundwire_intel        73728  1 snd_sof_intel_hda_common
snd_sof_intel_hda_mlink    45056  2 soundwire_intel,snd_sof_intel_hda_common
snd_sof_intel_hda      24576  1 snd_sof_intel_hda_common
snd_sof_pci            24576  2 snd_sof_intel_hda_common,snd_sof_pci_intel_cnl
snd_sof_xtensa_dsp     12288  1 snd_sof_intel_hda_common
snd_sof               380928  3 snd_sof_pci,snd_sof_intel_hda_common,snd_sof_intel_hda
snd_sof_utils          16384  1 snd_sof
snd_soc_hdac_hda       24576  1 snd_sof_intel_hda_common
snd_hda_ext_core       32768  4 snd_sof_intel_hda_common,snd_soc_hdac_hda,snd_sof_intel_hda_mlink,snd_sof_intel_hda
snd_soc_acpi_intel_match    98304  2 snd_sof_intel_hda_common,snd_sof_pci_intel_cnl
snd_soc_acpi           16384  2 snd_soc_acpi_intel_match,snd_sof_intel_hda_common
snd_soc_core          438272  4 soundwire_intel,snd_sof,snd_sof_intel_hda_common,snd_soc_hdac_hda
snd_compress           28672  1 snd_soc_core
ac97_bus               12288  1 snd_soc_core
snd_pcm_dmaengine      16384  1 snd_soc_core
snd_hda_intel          61440  1
snd_intel_dspcfg       36864  3 snd_hda_intel,snd_sof,snd_sof_intel_hda_common
snd_intel_sdw_acpi     16384  2 snd_sof_intel_hda_common,snd_intel_dspcfg
snd_usb_audio         495616  1
snd_hda_codec         204800  6 snd_hda_codec_generic,snd_hda_codec_hdmi,snd_hda_intel,snd_hda_codec_realtek,snd_soc_hdac_hda,snd_sof_intel_hda
snd_hda_core          139264  9 snd_hda_codec_generic,snd_hda_codec_hdmi,snd_hda_intel,snd_hda_ext_core,snd_hda_codec,snd_hda_codec_realtek,snd_sof_intel_hda_common,snd_soc_hdac_hda,snd_sof_intel_hda
snd_usbmidi_lib        53248  1 snd_usb_audio
snd_ump                45056  1 snd_usb_audio
snd_hwdep              20480  2 snd_usb_audio,snd_hda_codec
snd_pcm               192512  12 snd_hda_codec_hdmi,snd_hda_intel,snd_usb_audio,snd_hda_codec,soundwire_intel,snd_sof,snd_sof_intel_hda_common,snd_compress,snd_soc_core,snd_sof_utils,snd_hda_core,snd_pcm_dmaengine
snd_seq_midi           24576  0
snd_seq_midi_event     16384  1 snd_seq_midi
snd_rawmidi            57344  3 snd_seq_midi,snd_usbmidi_lib,snd_ump
snd_seq               118784  9 snd_seq_midi,snd_seq_midi_event,snd_seq_dummy
snd_seq_device         16384  4 snd_seq,snd_seq_midi,snd_ump,snd_rawmidi
snd_timer              49152  3 snd_seq,snd_hrtimer,snd_pcm
snd                   143360  24 snd_ctl_led,snd_hda_codec_generic,snd_seq,snd_seq_device,snd_hda_codec_hdmi,snd_hwdep,snd_hda_intel,snd_usb_audio,snd_usbmidi_lib,snd_hda_codec,snd_hda_codec_realtek,snd_sof,snd_timer,snd_compress,snd_soc_core,snd_ump,snd_pcm,snd_rawmidi
ledtrig_audio          12288  3 snd_ctl_led,dell_wmi,dell_laptop
soundcore              16384  2 snd_ctl_led,snd
mc                     81920  5 videodev,snd_usb_audio,videobuf2_v4l2,uvcvideo,videobuf2_common
----------------------------------------
6. Recent Kernel Logs:
[    0.008198] ACPI: SSDT 0x0000000076BC4000 0007C6 (v02 DELL\x UsbCTabl 00001000 INTL 20160527)
[    0.359573] ACPI: \_SB_.PCI0.XDCI.USBC: New power resource
[    0.404593] ACPI: bus type USB registered
[    0.404593] usbcore: registered new interface driver usbfs
[    0.404593] usbcore: registered new interface driver hub
[    0.404593] usbcore: registered new device driver usb
[    0.743452] xhci_hcd 0000:00:14.0: new USB bus registered, assigned bus number 1
[    0.752259] xhci_hcd 0000:00:14.0: new USB bus registered, assigned bus number 2
[    0.752268] xhci_hcd 0000:00:14.0: Host supports USB 3.1 Enhanced SuperSpeed
[    0.752332] usb usb1: New USB device found, idVendor=1d6b, idProduct=0002, bcdDevice= 6.08
[    0.752335] usb usb1: New USB device strings: Mfr=3, Product=2, SerialNumber=1
[    0.752338] usb usb1: Product: xHCI Host Controller
[    0.752340] usb usb1: Manufacturer: Linux 6.8.0-51-generic xhci-hcd
[    0.752342] usb usb1: SerialNumber: 0000:00:14.0
[    0.752698] hub 1-0:1.0: USB hub found
[    0.791173] usb usb2: New USB device found, idVendor=1d6b, idProduct=0003, bcdDevice= 6.08
[    0.791181] usb usb2: New USB device strings: Mfr=3, Product=2, SerialNumber=1
[    0.791183] usb usb2: Product: xHCI Host Controller
[    0.791184] usb usb2: Manufacturer: Linux 6.8.0-51-generic xhci-hcd
[    0.791186] usb usb2: SerialNumber: 0000:00:14.0
[    0.791357] hub 2-0:1.0: USB hub found
[    0.801134] xhci_hcd 0000:39:00.0: new USB bus registered, assigned bus number 3
[    0.802985] xhci_hcd 0000:39:00.0: new USB bus registered, assigned bus number 4
[    0.802988] xhci_hcd 0000:39:00.0: Host supports USB 3.1 Enhanced SuperSpeed
[    0.803019] usb usb3: New USB device found, idVendor=1d6b, idProduct=0002, bcdDevice= 6.08
[    0.803021] usb usb3: New USB device strings: Mfr=3, Product=2, SerialNumber=1
[    0.803023] usb usb3: Product: xHCI Host Controller
[    0.803025] usb usb3: Manufacturer: Linux 6.8.0-51-generic xhci-hcd
[    0.803027] usb usb3: SerialNumber: 0000:39:00.0
[    0.805033] hub 3-0:1.0: USB hub found
[    0.808067] usb usb4: New USB device found, idVendor=1d6b, idProduct=0003, bcdDevice= 6.08
[    0.808071] usb usb4: New USB device strings: Mfr=3, Product=2, SerialNumber=1
[    0.808073] usb usb4: Product: xHCI Host Controller
[    0.808074] usb usb4: Manufacturer: Linux 6.8.0-51-generic xhci-hcd
[    0.808076] usb usb4: SerialNumber: 0000:39:00.0
[    0.808229] hub 4-0:1.0: USB hub found
[    1.030574] usb 1-1: new high-speed USB device number 2 using xhci_hcd
[    1.142692] usb 4-1: new SuperSpeed USB device number 2 using xhci_hcd
[    1.162616] usb 4-1: New USB device found, idVendor=05e3, idProduct=0626, bcdDevice= 6.63
[    1.162621] usb 4-1: New USB device strings: Mfr=1, Product=2, SerialNumber=0
[    1.162626] usb 4-1: Product: USB3.1 Hub
[    1.162628] usb 4-1: Manufacturer: GenesysLogic
[    1.164288] usb 1-1: New USB device found, idVendor=05e3, idProduct=0610, bcdDevice= 6.63
[    1.164291] usb 1-1: New USB device strings: Mfr=1, Product=2, SerialNumber=0
[    1.164293] usb 1-1: Product: USB2.1 Hub
[    1.164295] usb 1-1: Manufacturer: GenesysLogic
[    1.166090] hub 1-1:1.0: USB hub found
[    1.167462] hub 4-1:1.0: USB hub found
[    1.276125] usb 2-2: new SuperSpeed USB device number 2 using xhci_hcd
[    1.302556] usb 2-2: New USB device found, idVendor=0bda, idProduct=0411, bcdDevice= 1.36
[    1.302561] usb 2-2: New USB device strings: Mfr=1, Product=2, SerialNumber=0
[    1.302563] usb 2-2: Product: 4-Port USB 3.0 Hub
[    1.302565] usb 2-2: Manufacturer: Generic
[    1.311338] hub 2-2:1.0: USB hub found
[    1.409576] usb 1-2: new high-speed USB device number 3 using xhci_hcd
[    1.456894] typec port0: bound usb4-port1 (ops connector_ops)
[    1.456901] typec port0: bound usb1-port1 (ops connector_ops)
[    1.552779] usb 1-2: New USB device found, idVendor=0bda, idProduct=5411, bcdDevice= 1.36
[    1.552781] usb 1-2: New USB device strings: Mfr=1, Product=2, SerialNumber=0
[    1.552783] usb 1-2: Product: 4-Port USB 2.0 Hub
[    1.552784] usb 1-2: Manufacturer: Generic
[    1.554058] hub 1-2:1.0: USB hub found
[    1.613268] usb 2-2.4: new SuperSpeed USB device number 3 using xhci_hcd
[    1.640132] usb 2-2.4: New USB device found, idVendor=0bda, idProduct=0411, bcdDevice= 1.36
[    1.640137] usb 2-2.4: New USB device strings: Mfr=1, Product=2, SerialNumber=0
[    1.640139] usb 2-2.4: Product: 4-Port USB 3.0 Hub
[    1.640140] usb 2-2.4: Manufacturer: Generic
[    1.648040] hub 2-2.4:1.0: USB hub found
[    1.746695] usb 1-3: new full-speed USB device number 4 using xhci_hcd
[    1.875425] usb 1-3: New USB device found, idVendor=046d, idProduct=c52b, bcdDevice=12.11
[    1.875431] usb 1-3: New USB device strings: Mfr=1, Product=2, SerialNumber=0
[    1.875433] usb 1-3: Product: USB Receiver
[    1.875435] usb 1-3: Manufacturer: Logitech
[    1.948583] usb 1-2.1: new high-speed USB device number 5 using xhci_hcd
[    2.037862] usb 1-2.1: New USB device found, idVendor=05e3, idProduct=0608, bcdDevice=85.36
[    2.037864] usb 1-2.1: New USB device strings: Mfr=0, Product=1, SerialNumber=0
[    2.037866] usb 1-2.1: Product: USB2.0 Hub
[    2.038874] hub 1-2.1:1.0: USB hub found
[    2.104140] usb 2-2.4.4: new SuperSpeed USB device number 4 using xhci_hcd
[    2.131451] usb 2-2.4.4: New USB device found, idVendor=0bda, idProduct=0411, bcdDevice= 1.36
[    2.131454] usb 2-2.4.4: New USB device strings: Mfr=1, Product=2, SerialNumber=0
[    2.131456] usb 2-2.4.4: Product: 4-Port USB 3.0 Hub
[    2.131457] usb 2-2.4.4: Manufacturer: Generic
[    2.136971] hub 2-2.4.4:1.0: USB hub found
[    2.237585] usb 1-6: new high-speed USB device number 6 using xhci_hcd
[    2.404543] usb 1-6: config 1 interface 1 altsetting 8 endpoint 0x81 has invalid wMaxPacketSize 0
[    2.406222] usb 1-6: New USB device found, idVendor=0bda, idProduct=58fd, bcdDevice=86.16
[    2.406225] usb 1-6: New USB device strings: Mfr=3, Product=1, SerialNumber=2
[    2.406226] usb 1-6: Product: Integrated_Webcam_HD
[    2.406227] usb 1-6: Manufacturer: CN00XMGG8LG0007OF87NA02
[    2.406228] usb 1-6: SerialNumber: 200901010001
[    2.439585] usb 1-2.4: new high-speed USB device number 7 using xhci_hcd
[    2.545754] usb 1-2.4: New USB device found, idVendor=0bda, idProduct=5411, bcdDevice= 1.36
[    2.545756] usb 1-2.4: New USB device strings: Mfr=1, Product=2, SerialNumber=0
[    2.545758] usb 1-2.4: Product: 4-Port USB 2.0 Hub
[    2.545759] usb 1-2.4: Manufacturer: Generic
[    2.548202] hub 1-2.4:1.0: USB hub found
[    2.601537] usb 1-2.1.1: new full-speed USB device number 8 using xhci_hcd
[    2.682101] usb 1-2.1.1: New USB device found, idVendor=0b95, idProduct=6804, bcdDevice= 0.12
[    2.682106] usb 1-2.1.1: New USB device strings: Mfr=1, Product=2, SerialNumber=3
[    2.682108] usb 1-2.1.1: Product: AX68004
[    2.682109] usb 1-2.1.1: Manufacturer: ASIX Electronics
[    2.682110] usb 1-2.1.1: SerialNumber: 00000001
[    2.685367] hub 1-2.1.1:1.0: USB hub found
[    2.746922] usb 2-2.4.4.3: new SuperSpeed USB device number 5 using xhci_hcd
[    2.766624] usb 2-2.4.4.3: New USB device found, idVendor=0b95, idProduct=1790, bcdDevice= 1.00
[    2.766627] usb 2-2.4.4.3: New USB device strings: Mfr=1, Product=2, SerialNumber=3
[    2.766629] usb 2-2.4.4.3: Product: AX88179
[    2.766630] usb 2-2.4.4.3: Manufacturer: ASIX Elec. Corp.
[    2.766631] usb 2-2.4.4.3: SerialNumber: 0040AE306D0C55
[    2.875589] usb 1-10: new full-speed USB device number 9 using xhci_hcd
[    3.003649] usb 1-10: New USB device found, idVendor=8087, idProduct=0026, bcdDevice= 0.02
[    3.003654] usb 1-10: New USB device strings: Mfr=0, Product=0, SerialNumber=0
[    3.012815] input: Logitech USB Receiver as /devices/pci0000:00/0000:00:14.0/usb1/1-3/1-3:1.0/0003:046D:C52B.0002/input/input12
[    3.064734] hid-generic 0003:046D:C52B.0002: input,hidraw1: USB HID v1.11 Keyboard [Logitech USB Receiver] on usb-0000:00:14.0-3/input0
[    3.066631] input: Logitech USB Receiver Mouse as /devices/pci0000:00/0000:00:14.0/usb1/1-3/1-3:1.1/0003:046D:C52B.0003/input/input13
[    3.066759] input: Logitech USB Receiver Consumer Control as /devices/pci0000:00/0000:00:14.0/usb1/1-3/1-3:1.1/0003:046D:C52B.0003/input/input14
[    3.078711] usb 1-2.4.4: new high-speed USB device number 10 using xhci_hcd
[    3.118702] input: Logitech USB Receiver System Control as /devices/pci0000:00/0000:00:14.0/usb1/1-3/1-3:1.1/0003:046D:C52B.0003/input/input15
[    3.118980] hid-generic 0003:046D:C52B.0003: input,hiddev0,hidraw2: USB HID v1.11 Mouse [Logitech USB Receiver] on usb-0000:00:14.0-3/input1
[    3.120369] hid-generic 0003:046D:C52B.0004: hiddev1,hidraw3: USB HID v1.11 Device [Logitech USB Receiver] on usb-0000:00:14.0-3/input2
[    3.120391] usbcore: registered new interface driver usbhid
[    3.120393] usbhid: USB HID core driver
[    3.183029] usb 1-2.4.4: New USB device found, idVendor=0bda, idProduct=5411, bcdDevice= 1.36
[    3.183032] usb 1-2.4.4: New USB device strings: Mfr=1, Product=2, SerialNumber=0
[    3.183034] usb 1-2.4.4: Product: 4-Port USB 2.0 Hub
[    3.183035] usb 1-2.4.4: Manufacturer: Generic
[    3.184859] hub 1-2.4.4:1.0: USB hub found
[    3.187387] logitech-djreceiver 0003:046D:C52B.0004: hiddev0,hidraw1: USB HID v1.11 Device [Logitech USB Receiver] on usb-0000:00:14.0-3/input2
[    3.239570] usb 1-2.1.1.1: new full-speed USB device number 11 using xhci_hcd
[    3.291844] input: Logitech Wireless Device PID:404c Keyboard as /devices/pci0000:00/0000:00:14.0/usb1/1-3/1-3:1.2/0003:046D:C52B.0004/0003:046D:404C.0005/input/input17
[    3.292194] input: Logitech Wireless Device PID:404c Mouse as /devices/pci0000:00/0000:00:14.0/usb1/1-3/1-3:1.2/0003:046D:C52B.0004/0003:046D:404C.0005/input/input18
[    3.292481] hid-generic 0003:046D:404C.0005: input,hidraw2: USB HID v1.11 Keyboard [Logitech Wireless Device PID:404c] on usb-0000:00:14.0-3/input2:1
[    3.330493] usb 1-2.1.1.1: New USB device found, idVendor=045e, idProduct=076c, bcdDevice= 0.83
[    3.330497] usb 1-2.1.1.1: New USB device strings: Mfr=1, Product=2, SerialNumber=0
[    3.330498] usb 1-2.1.1.1: Product: Microsoft® Comfort Mouse 4500
[    3.330499] usb 1-2.1.1.1: Manufacturer: Microsoft
[    3.333412] input: Logitech K830 as /devices/pci0000:00/0000:00:14.0/usb1/1-3/1-3:1.2/0003:046D:C52B.0004/0003:046D:404C.0005/input/input22
[    3.333479] logitech-hidpp-device 0003:046D:404C.0005: input,hidraw2: USB HID v1.11 Keyboard [Logitech K830] on usb-0000:00:14.0-3/input2:1
[    3.405585] usb 1-2.1.1.2: new full-speed USB device number 12 using xhci_hcd
[    3.494421] usb 1-2.1.1.2: New USB device found, idVendor=0c45, idProduct=5004, bcdDevice= 1.07
[    3.494424] usb 1-2.1.1.2: New USB device strings: Mfr=1, Product=2, SerialNumber=0
[    3.494425] usb 1-2.1.1.2: Product: USB DEVICE
[    3.494427] usb 1-2.1.1.2: Manufacturer: SONiX
[    3.501582] input: SONiX USB DEVICE as /devices/pci0000:00/0000:00:14.0/usb1/1-2/1-2.1/1-2.1.1/1-2.1.1.2/1-2.1.1.2:1.0/0003:0C45:5004.0007/input/input23
[    3.507182] ax88179_178a 2-2.4.4.3:1.0 eth0: register 'ax88179_178a' at usb-0000:00:14.0-2.4.4.3, ASIX AX88179 USB 3.0 Gigabit Ethernet, 40:ae:30:6d:0c:55
[    3.507204] usbcore: registered new interface driver ax88179_178a
[    3.553796] hid-generic 0003:0C45:5004.0007: input,hidraw3: USB HID v1.11 Keyboard [SONiX USB DEVICE] on usb-0000:00:14.0-2.1.1.2/input0
[    3.555650] input: SONiX USB DEVICE Keyboard as /devices/pci0000:00/0000:00:14.0/usb1/1-2/1-2.1/1-2.1.1/1-2.1.1.2/1-2.1.1.2:1.1/0003:0C45:5004.0008/input/input24
[    3.559110] usb 1-2.4.4.2: new high-speed USB device number 13 using xhci_hcd
[    3.607702] input: SONiX USB DEVICE as /devices/pci0000:00/0000:00:14.0/usb1/1-2/1-2.1/1-2.1.1/1-2.1.1.2/1-2.1.1.2:1.1/0003:0C45:5004.0008/input/input25
[    3.608028] hid-generic 0003:0C45:5004.0008: input,hiddev1,hidraw4: USB HID v1.11 Keyboard [SONiX USB DEVICE] on usb-0000:00:14.0-2.1.1.2/input1
[    3.623095] input: Microsoft Microsoft® Comfort Mouse 4500 as /devices/pci0000:00/0000:00:14.0/usb1/1-2/1-2.1/1-2.1.1/1-2.1.1.1/1-2.1.1.1:1.0/0003:045E:076C.0006/input/input26
[    3.674886] microsoft 0003:045E:076C.0006: input,hidraw5: USB HID v1.11 Mouse [Microsoft Microsoft® Comfort Mouse 4500] on usb-0000:00:14.0-2.1.1.1/input0
[    3.743552] usb 1-2.4.4.2: New USB device found, idVendor=041e, idProduct=4095, bcdDevice=10.20
[    3.743560] usb 1-2.4.4.2: New USB device strings: Mfr=3, Product=1, SerialNumber=2
[    3.743562] usb 1-2.4.4.2: Product: Live! Cam Sync HD VF0770
[    3.743564] usb 1-2.4.4.2: Manufacturer: Creative Technology Ltd.
[    3.743566] usb 1-2.4.4.2: SerialNumber:  
[    3.827580] usb 1-2.4.4.4: new full-speed USB device number 14 using xhci_hcd
[    3.918192] usb 1-2.4.4.4: New USB device found, idVendor=041e, idProduct=3237, bcdDevice= 1.00
[    3.918197] usb 1-2.4.4.4: New USB device strings: Mfr=1, Product=2, SerialNumber=3
[    3.918199] usb 1-2.4.4.4: Product: SB X-Fi Surround 5.1 Pro
[    3.918201] usb 1-2.4.4.4: Manufacturer: Creative Technology Ltd
[    3.918203] usb 1-2.4.4.4: SerialNumber: 000002EL
[    5.839072] usb 1-6: Found UVC 1.50 device Integrated_Webcam_HD (0bda:58fd)
[    5.853176] usb 1-6: Found UVC 1.50 device Integrated_Webcam_HD (0bda:58fd)
[    5.867737] usb 1-2.4.4.2: Found UVC 1.00 device Live! Cam Sync HD VF0770 (041e:4095)
[    5.886108] usbcore: registered new interface driver uvcvideo
[    5.992373] usbcore: registered new interface driver snd-usb-audio
[    6.021407] usbcore: registered new interface driver btusb
[    6.063759] sof-audio-pci-intel-cnl 0000:00:1f.3: DSP detected with PCI class/subclass/prog-if info 0x040380
[    7.493771] snd_hda_intel 0000:00:1f.3: bound 0000:00:02.0 (ops i915_audio_component_bind_ops [i915])
[    7.526464] snd_hda_codec_realtek hdaudioC2D0: autoconfig for ALC3254: line_outs=1 (0x14/0x0/0x0/0x0/0x0) type:speaker
[    7.526471] snd_hda_codec_realtek hdaudioC2D0:    speaker_outs=0 (0x0/0x0/0x0/0x0/0x0)
[    7.526474] snd_hda_codec_realtek hdaudioC2D0:    hp_outs=1 (0x21/0x0/0x0/0x0/0x0)
[    7.526476] snd_hda_codec_realtek hdaudioC2D0:    mono: mono_out=0x0
[    7.526477] snd_hda_codec_realtek hdaudioC2D0:    inputs:
[    7.526479] snd_hda_codec_realtek hdaudioC2D0:      Headset Mic=0x19
[    7.526481] snd_hda_codec_realtek hdaudioC2D0:      Headphone Mic=0x1b
[    7.526483] snd_hda_codec_realtek hdaudioC2D0:      Internal Mic=0x12
[    8.370951] input: HDA Intel PCH Headphone Mic as /devices/pci0000:00/0000:00:1f.3/sound/card2/input31
[    8.371012] input: HDA Intel PCH HDMI/DP,pcm=3 as /devices/pci0000:00/0000:00:1f.3/sound/card2/input32
[    8.371065] input: HDA Intel PCH HDMI/DP,pcm=7 as /devices/pci0000:00/0000:00:1f.3/sound/card2/input33
[    8.371108] input: HDA Intel PCH HDMI/DP,pcm=8 as /devices/pci0000:00/0000:00:1f.3/sound/card2/input34
[ 1692.934440] usb 1-2.4.1: new full-speed USB device number 15 using xhci_hcd
[ 1693.827363] usb 1-2.4.1: new full-speed USB device number 16 using xhci_hcd
[ 1693.920273] usb 1-2.4.1: New USB device found, idVendor=4c4a, idProduct=4155, bcdDevice= 1.00
[ 1693.920291] usb 1-2.4.1: New USB device strings: Mfr=1, Product=2, SerialNumber=3
[ 1693.920298] usb 1-2.4.1: Product: USB Composite Device
[ 1693.920303] usb 1-2.4.1: Manufacturer: Jieli Technology
[ 1693.920307] usb 1-2.4.1: SerialNumber: 1120041105020104
[ 1693.943709] input: Jieli Technology USB Composite Device as /devices/pci0000:00/0000:00:14.0/usb1/1-2/1-2.4/1-2.4.1/1-2.4.1:1.4/0003:4C4A:4155.0009/input/input35
[ 1693.995677] hid-generic 0003:4C4A:4155.0009: input,hidraw6: USB HID v1.00 Device [Jieli Technology USB Composite Device] on usb-0000:00:14.0-2.4.1/input4
[ 1694.033310] usb-storage 1-2.4.1:1.0: USB Mass Storage device detected
[ 1694.033646] scsi host0: usb-storage 1-2.4.1:1.0
[ 1694.033932] usbcore: registered new interface driver usb-storage
[ 1694.039013] usbcore: registered new interface driver uas
[ 1788.750482] usb 1-2.4.1: USB disconnect, device number 16
[ 1885.701269] usb 1-2.3: new full-speed USB device number 17 using xhci_hcd
[ 1885.789773] usb 1-2.3: not running at top speed; connect to a high speed hub
[ 1885.791411] usb 1-2.3: New USB device found, idVendor=14ed, idProduct=1012, bcdDevice= 0.02
[ 1885.791426] usb 1-2.3: New USB device strings: Mfr=1, Product=2, SerialNumber=3
[ 1885.791433] usb 1-2.3: Product: Shure MV7
[ 1885.791438] usb 1-2.3: Manufacturer: Shure Inc
[ 1885.812524] usb 1-2.3: Warning! Unlikely big volume range (=6144), cval->res is probably wrong.
[ 1885.812539] usb 1-2.3: [33] FU [Shure MV7 Playback Volume] ch = 1, val = -6144/0/1
[ 1885.815496] usb 1-2.3: Warning! Unlikely big volume range (=9216), cval->res is probably wrong.
[ 1885.815507] usb 1-2.3: [34] FU [Shure MV7 Capture Volume] ch = 1, val = 0/9216/1
[ 1885.824006] hid-generic 0003:14ED:1012.000A: hiddev2,hidraw6: USB HID v1.11 Device [Shure Inc Shure MV7] on usb-0000:00:14.0-2.3/input3
[ 1885.825588] input: Shure Inc Shure MV7 as /devices/pci0000:00/0000:00:14.0/usb1/1-2/1-2.3/1-2.3:1.4/0003:14ED:1012.000B/input/input36
[ 1885.877535] hid-generic 0003:14ED:1012.000B: input,hidraw7: USB HID v1.11 Device [Shure Inc Shure MV7] on usb-0000:00:14.0-2.3/input4
[ 2167.303434] usb 1-2.4.1: new full-speed USB device number 18 using xhci_hcd
[ 2168.226498] usb 1-2.4.1: new full-speed USB device number 19 using xhci_hcd
[ 2168.317470] usb 1-2.4.1: New USB device found, idVendor=4c4a, idProduct=4155, bcdDevice= 1.00
[ 2168.317476] usb 1-2.4.1: New USB device strings: Mfr=1, Product=2, SerialNumber=3
[ 2168.317478] usb 1-2.4.1: Product: USB Composite Device
[ 2168.317480] usb 1-2.4.1: Manufacturer: Jieli Technology
[ 2168.317481] usb 1-2.4.1: SerialNumber: 1120041105020104
[ 2168.325988] usb-storage 1-2.4.1:1.0: USB Mass Storage device detected
[ 2168.326230] scsi host0: usb-storage 1-2.4.1:1.0
[ 2168.339453] input: Jieli Technology USB Composite Device as /devices/pci0000:00/0000:00:14.0/usb1/1-2/1-2.4/1-2.4.1/1-2.4.1:1.4/0003:4C4A:4155.000C/input/input37
[ 2168.391613] hid-generic 0003:4C4A:4155.000C: input,hidraw8: USB HID v1.00 Device [Jieli Technology USB Composite Device] on usb-0000:00:14.0-2.4.1/input4
[ 2200.839523] usb 1-2.4.2: new high-speed USB device number 20 using xhci_hcd
[ 2202.231966] usb 1-2.4.2: New USB device found, idVendor=046d, idProduct=0ab7, bcdDevice= 0.20
[ 2202.231976] usb 1-2.4.2: New USB device strings: Mfr=3, Product=1, SerialNumber=2
[ 2202.231979] usb 1-2.4.2: Product: Blue Microphones
[ 2202.231982] usb 1-2.4.2: Manufacturer: Generic
[ 2202.231984] usb 1-2.4.2: SerialNumber: LT_2105120602229D0206CC_111000
[ 2202.607786] input: Generic Blue Microphones Consumer Control as /devices/pci0000:00/0000:00:14.0/usb1/1-2/1-2.4/1-2.4.2/1-2.4.2:1.3/0003:046D:0AB7.000D/input/input38
[ 2202.659996] input: Generic Blue Microphones as /devices/pci0000:00/0000:00:14.0/usb1/1-2/1-2.4/1-2.4.2/1-2.4.2:1.3/0003:046D:0AB7.000D/input/input39
[ 2202.660683] hid-generic 0003:046D:0AB7.000D: input,hiddev3,hidraw9: USB HID v1.11 Device [Generic Blue Microphones] on usb-0000:00:14.0-2.4.2/input3
[ 2204.239728] usb 1-2.3: USB disconnect, device number 17
[ 2206.981578] usb 1-2.3: new full-speed USB device number 21 using xhci_hcd
[ 2207.069849] usb 1-2.3: not running at top speed; connect to a high speed hub
[ 2207.071673] usb 1-2.3: New USB device found, idVendor=14ed, idProduct=1012, bcdDevice= 0.02
[ 2207.071681] usb 1-2.3: New USB device strings: Mfr=1, Product=2, SerialNumber=3
[ 2207.071684] usb 1-2.3: Product: Shure MV7
[ 2207.071686] usb 1-2.3: Manufacturer: Shure Inc
[ 2207.093261] usb 1-2.3: Warning! Unlikely big volume range (=6144), cval->res is probably wrong.
[ 2207.093272] usb 1-2.3: [33] FU [Shure MV7 Playback Volume] ch = 1, val = -6144/0/1
[ 2207.095600] usb 1-2.3: Warning! Unlikely big volume range (=9216), cval->res is probably wrong.
[ 2207.095603] usb 1-2.3: [34] FU [Shure MV7 Capture Volume] ch = 1, val = 0/9216/1
[ 2207.100013] hid-generic 0003:14ED:1012.000E: hiddev2,hidraw6: USB HID v1.11 Device [Shure Inc Shure MV7] on usb-0000:00:14.0-2.3/input3
[ 2207.101182] input: Shure Inc Shure MV7 as /devices/pci0000:00/0000:00:14.0/usb1/1-2/1-2.3/1-2.3:1.4/0003:14ED:1012.000F/input/input40
[ 2207.152766] hid-generic 0003:14ED:1012.000F: input,hidraw7: USB HID v1.11 Device [Shure Inc Shure MV7] on usb-0000:00:14.0-2.3/input4
[ 2387.532921] usb 1-2.3: USB disconnect, device number 21
[ 2390.348950] usb 1-2.4.1: USB disconnect, device number 19
[ 2394.189020] usb 1-2.4.2: USB disconnect, device number 20
[ 2680.653176] usb 1-2.4.4.4: USB disconnect, device number 14
[ 2693.683226] usb 1-2.4.4.4: new full-speed USB device number 22 using xhci_hcd
[ 2693.774122] usb 1-2.4.4.4: New USB device found, idVendor=041e, idProduct=3237, bcdDevice= 1.00
[ 2693.774153] usb 1-2.4.4.4: New USB device strings: Mfr=1, Product=2, SerialNumber=3
[ 2693.774161] usb 1-2.4.4.4: Product: SB X-Fi Surround 5.1 Pro
[ 2693.774166] usb 1-2.4.4.4: Manufacturer: Creative Technology Ltd
[ 2693.774190] usb 1-2.4.4.4: SerialNumber: 000002EL
[103824.263593] usb 1-2: USB disconnect, device number 3
[103824.263621] usb 1-2.1: USB disconnect, device number 5
[103824.263627] usb 1-2.1.1: USB disconnect, device number 8
[103824.263632] usb 1-2.1.1.1: USB disconnect, device number 11
[103824.290755] usb 2-2: USB disconnect, device number 2
[103824.290775] usb 2-2.4: USB disconnect, device number 3
[103824.290784] usb 2-2.4.4: USB disconnect, device number 4
[103824.290791] usb 2-2.4.4.3: USB disconnect, device number 5
[103824.291611] ax88179_178a 2-2.4.4.3:1.0 enx40ae306d0c55: unregister 'ax88179_178a' usb-0000:00:14.0-2.4.4.3, ASIX AX88179 USB 3.0 Gigabit Ethernet
[103824.317629] usb 1-2.1.1.2: USB disconnect, device number 12
[103824.464812] usb 1-2.4: USB disconnect, device number 7
[103824.464828] usb 1-2.4.4: USB disconnect, device number 10
[103824.464831] usb 1-2.4.4.2: USB disconnect, device number 13
[103824.474006] usb 1-2.4.4.4: USB disconnect, device number 22
[103842.927624] usb 1-1.4: new high-speed USB device number 23 using xhci_hcd
[103843.044673] usb 1-1.4: New USB device found, idVendor=0bda, idProduct=5411, bcdDevice= 1.36
[103843.044692] usb 1-1.4: New USB device strings: Mfr=1, Product=2, SerialNumber=0
[103843.044698] usb 1-1.4: Product: 4-Port USB 2.0 Hub
[103843.044704] usb 1-1.4: Manufacturer: Generic
[103843.046354] hub 1-1.4:1.0: USB hub found
[103843.339645] usb 1-1.4.1: new high-speed USB device number 24 using xhci_hcd
[103843.429151] usb 1-1.4.1: New USB device found, idVendor=05e3, idProduct=0608, bcdDevice=85.36
[103843.429158] usb 1-1.4.1: New USB device strings: Mfr=0, Product=1, SerialNumber=0
[103843.429161] usb 1-1.4.1: Product: USB2.0 Hub
[103843.430936] hub 1-1.4.1:1.0: USB hub found
[103843.509880] usb 1-1.4.4: new high-speed USB device number 25 using xhci_hcd
[103843.613394] usb 1-1.4.4: New USB device found, idVendor=0bda, idProduct=5411, bcdDevice= 1.36
[103843.613414] usb 1-1.4.4: New USB device strings: Mfr=1, Product=2, SerialNumber=0
[103843.613420] usb 1-1.4.4: Product: 4-Port USB 2.0 Hub
[103843.613426] usb 1-1.4.4: Manufacturer: Generic
[103843.616967] hub 1-1.4.4:1.0: USB hub found
[103843.702670] usb 1-1.4.1.1: new full-speed USB device number 26 using xhci_hcd
[103843.785917] usb 1-1.4.1.1: New USB device found, idVendor=0b95, idProduct=6804, bcdDevice= 0.12
[103843.785934] usb 1-1.4.1.1: New USB device strings: Mfr=1, Product=2, SerialNumber=3
[103843.785941] usb 1-1.4.1.1: Product: AX68004
[103843.785947] usb 1-1.4.1.1: Manufacturer: ASIX Electronics
[103843.785951] usb 1-1.4.1.1: SerialNumber: 00000001
[103843.789410] hub 1-1.4.1.1:1.0: USB hub found
[103843.907593] usb 1-1.4.4.4: new high-speed USB device number 27 using xhci_hcd
[103844.011907] usb 1-1.4.4.4: New USB device found, idVendor=0bda, idProduct=5411, bcdDevice= 1.36
[103844.011925] usb 1-1.4.4.4: New USB device strings: Mfr=1, Product=2, SerialNumber=0
[103844.011931] usb 1-1.4.4.4: Product: 4-Port USB 2.0 Hub
[103844.011937] usb 1-1.4.4.4: Manufacturer: Generic
[103844.013720] hub 1-1.4.4.4:1.0: USB hub found
[103844.068653] usb 1-1.4.1.1.1: new full-speed USB device number 28 using xhci_hcd
[103844.162558] usb 1-1.4.1.1.1: New USB device found, idVendor=045e, idProduct=076c, bcdDevice= 0.83
[103844.162568] usb 1-1.4.1.1.1: New USB device strings: Mfr=1, Product=2, SerialNumber=0
[103844.162571] usb 1-1.4.1.1.1: Product: Microsoft® Comfort Mouse 4500
[103844.162574] usb 1-1.4.1.1.1: Manufacturer: Microsoft
[103844.182412] input: Microsoft Microsoft® Comfort Mouse 4500 as /devices/pci0000:00/0000:00:14.0/usb1/1-1/1-1.4/1-1.4.1/1-1.4.1.1/1-1.4.1.1.1/1-1.4.1.1.1:1.0/0003:045E:076C.0010/input/input41
[103844.234159] microsoft 0003:045E:076C.0010: input,hidraw3: USB HID v1.11 Mouse [Microsoft Microsoft® Comfort Mouse 4500] on usb-0000:00:14.0-1.4.1.1.1/input0
[103844.306782] usb 1-1.4.4.4.2: new high-speed USB device number 29 using xhci_hcd
[103844.449282] usb 4-1.4: new SuperSpeed USB device number 3 using xhci_hcd
[103844.460612] usb 1-1.4.1.1.2: new full-speed USB device number 30 using xhci_hcd
[103844.476863] usb 4-1.4: New USB device found, idVendor=0bda, idProduct=0411, bcdDevice= 1.36
[103844.476876] usb 4-1.4: New USB device strings: Mfr=1, Product=2, SerialNumber=0
[103844.476881] usb 4-1.4: Product: 4-Port USB 3.0 Hub
[103844.476884] usb 4-1.4: Manufacturer: Generic
[103844.484841] hub 4-1.4:1.0: USB hub found
[103844.491382] usb 1-1.4.4.4.2: New USB device found, idVendor=041e, idProduct=4095, bcdDevice=10.20
[103844.491390] usb 1-1.4.4.4.2: New USB device strings: Mfr=3, Product=1, SerialNumber=2
[103844.491394] usb 1-1.4.4.4.2: Product: Live! Cam Sync HD VF0770
[103844.491397] usb 1-1.4.4.4.2: Manufacturer: Creative Technology Ltd.
[103844.491399] usb 1-1.4.4.4.2: SerialNumber:  
[103844.499239] usb 1-1.4.4.4.2: Found UVC 1.00 device Live! Cam Sync HD VF0770 (041e:4095)
[103844.551724] usb 1-1.4.1.1.2: New USB device found, idVendor=0c45, idProduct=5004, bcdDevice= 1.07
[103844.551731] usb 1-1.4.1.1.2: New USB device strings: Mfr=1, Product=2, SerialNumber=0
[103844.551733] usb 1-1.4.1.1.2: Product: USB DEVICE
[103844.551735] usb 1-1.4.1.1.2: Manufacturer: SONiX
[103844.559097] input: SONiX USB DEVICE as /devices/pci0000:00/0000:00:14.0/usb1/1-1/1-1.4/1-1.4.1/1-1.4.1.1/1-1.4.1.1.2/1-1.4.1.1.2:1.0/0003:0C45:5004.0011/input/input42
[103844.616644] usb 1-1.4.4.4.4: new full-speed USB device number 31 using xhci_hcd
[103844.645049] hid-generic 0003:0C45:5004.0011: input,hidraw4: USB HID v1.11 Keyboard [SONiX USB DEVICE] on usb-0000:00:14.0-1.4.1.1.2/input0
[103844.649615] input: SONiX USB DEVICE Keyboard as /devices/pci0000:00/0000:00:14.0/usb1/1-1/1-1.4/1-1.4.1/1-1.4.1.1/1-1.4.1.1.2/1-1.4.1.1.2:1.1/0003:0C45:5004.0012/input/input43
[103844.702018] input: SONiX USB DEVICE as /devices/pci0000:00/0000:00:14.0/usb1/1-1/1-1.4/1-1.4.1/1-1.4.1.1/1-1.4.1.1.2/1-1.4.1.1.2:1.1/0003:0C45:5004.0012/input/input44
[103844.702578] hid-generic 0003:0C45:5004.0012: input,hiddev1,hidraw5: USB HID v1.11 Keyboard [SONiX USB DEVICE] on usb-0000:00:14.0-1.4.1.1.2/input1
[103844.710577] usb 1-1.4.4.4.4: New USB device found, idVendor=041e, idProduct=3237, bcdDevice= 1.00
[103844.710599] usb 1-1.4.4.4.4: New USB device strings: Mfr=1, Product=2, SerialNumber=3
[103844.710606] usb 1-1.4.4.4.4: Product: SB X-Fi Surround 5.1 Pro
[103844.710611] usb 1-1.4.4.4.4: Manufacturer: Creative Technology Ltd
[103844.710615] usb 1-1.4.4.4.4: SerialNumber: 000002EL
[103844.777106] usb 4-1.4.4: new SuperSpeed USB device number 4 using xhci_hcd
[103844.803722] usb 4-1.4.4: New USB device found, idVendor=0bda, idProduct=0411, bcdDevice= 1.36
[103844.803729] usb 4-1.4.4: New USB device strings: Mfr=1, Product=2, SerialNumber=0
[103844.803730] usb 4-1.4.4: Product: 4-Port USB 3.0 Hub
[103844.803732] usb 4-1.4.4: Manufacturer: Generic
[103844.809152] hub 4-1.4.4:1.0: USB hub found
[103845.092205] usb 4-1.4.4.4: new SuperSpeed USB device number 5 using xhci_hcd
[103845.121191] usb 4-1.4.4.4: New USB device found, idVendor=0bda, idProduct=0411, bcdDevice= 1.36
[103845.121209] usb 4-1.4.4.4: New USB device strings: Mfr=1, Product=2, SerialNumber=0
[103845.121215] usb 4-1.4.4.4: Product: 4-Port USB 3.0 Hub
[103845.121220] usb 4-1.4.4.4: Manufacturer: Generic
[103845.129248] hub 4-1.4.4.4:1.0: USB hub found
[103845.414730] usb 4-1.4.4.4.3: new SuperSpeed USB device number 6 using xhci_hcd
[103845.430679] usb 4-1.4.4.4.3: New USB device found, idVendor=0b95, idProduct=1790, bcdDevice= 1.00
[103845.430692] usb 4-1.4.4.4.3: New USB device strings: Mfr=1, Product=2, SerialNumber=3
[103845.430697] usb 4-1.4.4.4.3: Product: AX88179
[103845.430701] usb 4-1.4.4.4.3: Manufacturer: ASIX Elec. Corp.
[103845.430704] usb 4-1.4.4.4.3: SerialNumber: 0040AE306D0C55
[103846.167861] ax88179_178a 4-1.4.4.4.3:1.0 eth0: register 'ax88179_178a' at usb-0000:39:00.0-1.4.4.4.3, ASIX AX88179 USB 3.0 Gigabit Ethernet, 40:ae:30:6d:0c:55
[321575.383893] usb 1-1.4.1: USB disconnect, device number 24
[321575.383909] usb 1-1.4.1.1: USB disconnect, device number 26
[321575.383915] usb 1-1.4.1.1.1: USB disconnect, device number 28
[321575.433497] usb 1-1.4.1.1.2: USB disconnect, device number 30
[336923.031871] usb 1-1.4.1: new high-speed USB device number 32 using xhci_hcd
[336923.121550] usb 1-1.4.1: New USB device found, idVendor=05e3, idProduct=0608, bcdDevice=85.36
[336923.121568] usb 1-1.4.1: New USB device strings: Mfr=0, Product=1, SerialNumber=0
[336923.121575] usb 1-1.4.1: Product: USB2.0 Hub
[336923.124686] hub 1-1.4.1:1.0: USB hub found
[336923.398866] usb 1-1.4.1.1: new full-speed USB device number 33 using xhci_hcd
[336923.481635] usb 1-1.4.1.1: New USB device found, idVendor=0b95, idProduct=6804, bcdDevice= 0.12
[336923.481653] usb 1-1.4.1.1: New USB device strings: Mfr=1, Product=2, SerialNumber=3
[336923.481660] usb 1-1.4.1.1: Product: AX68004
[336923.481666] usb 1-1.4.1.1: Manufacturer: ASIX Electronics
[336923.481671] usb 1-1.4.1.1: SerialNumber: 00000001
[336923.485359] hub 1-1.4.1.1:1.0: USB hub found
[336923.774849] usb 1-1.4.1.1.1: new full-speed USB device number 34 using xhci_hcd
[336923.867927] usb 1-1.4.1.1.1: New USB device found, idVendor=045e, idProduct=076c, bcdDevice= 0.83
[336923.867945] usb 1-1.4.1.1.1: New USB device strings: Mfr=1, Product=2, SerialNumber=0
[336923.867952] usb 1-1.4.1.1.1: Product: Microsoft® Comfort Mouse 4500
[336923.867957] usb 1-1.4.1.1.1: Manufacturer: Microsoft
[336923.888551] input: Microsoft Microsoft® Comfort Mouse 4500 as /devices/pci0000:00/0000:00:14.0/usb1/1-1/1-1.4/1-1.4.1/1-1.4.1.1/1-1.4.1.1.1/1-1.4.1.1.1:1.0/0003:045E:076C.0013/input/input45
[336923.940314] microsoft 0003:045E:076C.0013: input,hidraw3: USB HID v1.11 Mouse [Microsoft Microsoft® Comfort Mouse 4500] on usb-0000:00:14.0-1.4.1.1.1/input0
[336924.007844] usb 1-1.4.1.1.2: new full-speed USB device number 35 using xhci_hcd
[336924.098965] usb 1-1.4.1.1.2: New USB device found, idVendor=0c45, idProduct=5004, bcdDevice= 1.07
[336924.098982] usb 1-1.4.1.1.2: New USB device strings: Mfr=1, Product=2, SerialNumber=0
[336924.098989] usb 1-1.4.1.1.2: Product: USB DEVICE
[336924.098994] usb 1-1.4.1.1.2: Manufacturer: SONiX
[336924.108336] input: SONiX USB DEVICE as /devices/pci0000:00/0000:00:14.0/usb1/1-1/1-1.4/1-1.4.1/1-1.4.1.1/1-1.4.1.1.2/1-1.4.1.1.2:1.0/0003:0C45:5004.0014/input/input46
[336924.193087] hid-generic 0003:0C45:5004.0014: input,hidraw4: USB HID v1.11 Keyboard [SONiX USB DEVICE] on usb-0000:00:14.0-1.4.1.1.2/input0
[336924.197910] input: SONiX USB DEVICE Keyboard as /devices/pci0000:00/0000:00:14.0/usb1/1-1/1-1.4/1-1.4.1/1-1.4.1.1/1-1.4.1.1.2/1-1.4.1.1.2:1.1/0003:0C45:5004.0015/input/input47
[336924.250202] input: SONiX USB DEVICE as /devices/pci0000:00/0000:00:14.0/usb1/1-1/1-1.4/1-1.4.1/1-1.4.1.1/1-1.4.1.1.2/1-1.4.1.1.2:1.1/0003:0C45:5004.0015/input/input48
[336924.250633] hid-generic 0003:0C45:5004.0015: input,hiddev1,hidraw5: USB HID v1.11 Keyboard [SONiX USB DEVICE] on usb-0000:00:14.0-1.4.1.1.2/input1
[582590.536776] usb 1-1.4.1: USB disconnect, device number 32
[582590.536784] usb 1-1.4.1.1: USB disconnect, device number 33
[582590.536787] usb 1-1.4.1.1.1: USB disconnect, device number 34
[582590.577832] usb 1-1.4.1.1.2: USB disconnect, device number 35
[582661.634830] usb 1-1.4.1: new high-speed USB device number 36 using xhci_hcd
[582661.724322] usb 1-1.4.1: New USB device found, idVendor=05e3, idProduct=0608, bcdDevice=85.36
[582661.724331] usb 1-1.4.1: New USB device strings: Mfr=0, Product=1, SerialNumber=0
[582661.724334] usb 1-1.4.1: Product: USB2.0 Hub
[582661.725365] hub 1-1.4.1:1.0: USB hub found
[582661.999877] usb 1-1.4.1.1: new full-speed USB device number 37 using xhci_hcd
[582662.082832] usb 1-1.4.1.1: New USB device found, idVendor=0b95, idProduct=6804, bcdDevice= 0.12
[582662.082857] usb 1-1.4.1.1: New USB device strings: Mfr=1, Product=2, SerialNumber=3
[582662.082868] usb 1-1.4.1.1: Product: AX68004
[582662.082874] usb 1-1.4.1.1: Manufacturer: ASIX Electronics
[582662.082880] usb 1-1.4.1.1: SerialNumber: 00000002
[582662.086572] hub 1-1.4.1.1:1.0: USB hub found
[582662.368826] usb 1-1.4.1.1.1: new full-speed USB device number 38 using xhci_hcd
[582662.462513] usb 1-1.4.1.1.1: New USB device found, idVendor=045e, idProduct=076c, bcdDevice= 0.83
[582662.462520] usb 1-1.4.1.1.1: New USB device strings: Mfr=1, Product=2, SerialNumber=0
[582662.462522] usb 1-1.4.1.1.1: Product: Microsoft® Comfort Mouse 4500
[582662.462524] usb 1-1.4.1.1.1: Manufacturer: Microsoft
[582662.481117] input: Microsoft Microsoft® Comfort Mouse 4500 as /devices/pci0000:00/0000:00:14.0/usb1/1-1/1-1.4/1-1.4.1/1-1.4.1.1/1-1.4.1.1.1/1-1.4.1.1.1:1.0/0003:045E:076C.0016/input/input49
[582662.533198] microsoft 0003:045E:076C.0016: input,hidraw3: USB HID v1.11 Mouse [Microsoft Microsoft® Comfort Mouse 4500] on usb-0000:00:14.0-1.4.1.1.1/input0
[582662.601089] usb 1-1.4.1.1.2: new full-speed USB device number 39 using xhci_hcd
[582662.690875] usb 1-1.4.1.1.2: New USB device found, idVendor=0c45, idProduct=5004, bcdDevice= 1.07
[582662.690891] usb 1-1.4.1.1.2: New USB device strings: Mfr=1, Product=2, SerialNumber=0
[582662.690898] usb 1-1.4.1.1.2: Product: USB DEVICE
[582662.690904] usb 1-1.4.1.1.2: Manufacturer: SONiX
[582662.699410] input: SONiX USB DEVICE as /devices/pci0000:00/0000:00:14.0/usb1/1-1/1-1.4/1-1.4.1/1-1.4.1.1/1-1.4.1.1.2/1-1.4.1.1.2:1.0/0003:0C45:5004.0017/input/input50
[582662.785139] hid-generic 0003:0C45:5004.0017: input,hidraw4: USB HID v1.11 Keyboard [SONiX USB DEVICE] on usb-0000:00:14.0-1.4.1.1.2/input0
[582662.789827] input: SONiX USB DEVICE Keyboard as /devices/pci0000:00/0000:00:14.0/usb1/1-1/1-1.4/1-1.4.1/1-1.4.1.1/1-1.4.1.1.2/1-1.4.1.1.2:1.1/0003:0C45:5004.0018/input/input51
[582662.842229] input: SONiX USB DEVICE as /devices/pci0000:00/0000:00:14.0/usb1/1-1/1-1.4/1-1.4.1/1-1.4.1.1/1-1.4.1.1.2/1-1.4.1.1.2:1.1/0003:0C45:5004.0018/input/input52
[582662.842713] hid-generic 0003:0C45:5004.0018: input,hiddev1,hidraw5: USB HID v1.11 Keyboard [SONiX USB DEVICE] on usb-0000:00:14.0-1.4.1.1.2/input1
[585137.738718] usb 1-1.4.4.4.4: USB disconnect, device number 31
[585165.620528] usb 1-1.4.4.4.4: new full-speed USB device number 40 using xhci_hcd
[585165.713431] usb 1-1.4.4.4.4: New USB device found, idVendor=041e, idProduct=3237, bcdDevice= 1.00
[585165.713450] usb 1-1.4.4.4.4: New USB device strings: Mfr=1, Product=2, SerialNumber=3
[585165.713457] usb 1-1.4.4.4.4: Product: SB X-Fi Surround 5.1 Pro
[585165.713462] usb 1-1.4.4.4.4: Manufacturer: Creative Technology Ltd
[585165.713467] usb 1-1.4.4.4.4: SerialNumber: 000002EL
[585216.074064] usb 1-1.4.4.4.4: USB disconnect, device number 40
[585226.772027] usb 1-1.4.4.2: new full-speed USB device number 41 using xhci_hcd
[585226.862812] usb 1-1.4.4.2: New USB device found, idVendor=041e, idProduct=3237, bcdDevice= 1.00
[585226.862832] usb 1-1.4.4.2: New USB device strings: Mfr=1, Product=2, SerialNumber=3
[585226.862866] usb 1-1.4.4.2: Product: SB X-Fi Surround 5.1 Pro
[585226.862874] usb 1-1.4.4.2: Manufacturer: Creative Technology Ltd
[585226.862881] usb 1-1.4.4.2: SerialNumber: 000002EL
[585443.405466] usb 1-1.4.4.2: USB disconnect, device number 41
----------------------------------------
7. User PulseAudio Configuration:
No user-specific PulseAudio configuration found.
----------------------------------------
8. Environment Information:
Kernel: 6.8.0-51-generic
Distribution: Ubuntu 24.04.1 LTS
----------------------------------------
