Audio Diagnosis Log - Thu Dec 26 11:33:55 AM MST 2024
----------------------------------------
1. USB Devices (Filtered for SoundBlaster):
Bus 001 Device 029: ID 041e:4095 Creative Technology, Ltd Live! Cam Sync HD [VF0770]
----------------------------------------
2. ALSA Devices (Filtered for SoundBlaster):
No SoundBlaster device found in ALSA device list.
----------------------------------------
4. PipeWire Nodes (Filtered for SoundBlaster):
No SoundBlaster node found in PipeWire.
----------------------------------------
5. Kernel Modules (Relevant to Sound):
snd_seq_dummy          12288  0
snd_hrtimer            12288  1
snd_hda_codec_hdmi     94208  1
snd_ctl_led            24576  0
snd_hda_codec_realtek   200704  1
snd_hda_codec_generic   122880  1 snd_hda_codec_realtek
snd_sof_pci_intel_cnl    12288  0
snd_sof_intel_hda_common   217088  1 snd_sof_pci_intel_cnl
soundwire_intel        73728  1 snd_sof_intel_hda_common
snd_sof_intel_hda_mlink    45056  2 soundwire_intel,snd_sof_intel_hda_common
snd_sof_intel_hda      24576  1 snd_sof_intel_hda_common
snd_sof_pci            24576  2 snd_sof_intel_hda_common,snd_sof_pci_intel_cnl
snd_sof_xtensa_dsp     12288  1 snd_sof_intel_hda_common
snd_sof               380928  3 snd_sof_pci,snd_sof_intel_hda_common,snd_sof_intel_hda
snd_sof_utils          16384  1 snd_sof
snd_soc_hdac_hda       24576  1 snd_sof_intel_hda_common
snd_hda_ext_core       32768  4 snd_sof_intel_hda_common,snd_soc_hdac_hda,snd_sof_intel_hda_mlink,snd_sof_intel_hda
snd_soc_acpi_intel_match    98304  2 snd_sof_intel_hda_common,snd_sof_pci_intel_cnl
snd_soc_acpi           16384  2 snd_soc_acpi_intel_match,snd_sof_intel_hda_common
snd_soc_core          438272  4 soundwire_intel,snd_sof,snd_sof_intel_hda_common,snd_soc_hdac_hda
snd_compress           28672  1 snd_soc_core
ac97_bus               12288  1 snd_soc_core
snd_pcm_dmaengine      16384  1 snd_soc_core
snd_hda_intel          61440  1
snd_intel_dspcfg       36864  3 snd_hda_intel,snd_sof,snd_sof_intel_hda_common
snd_intel_sdw_acpi     16384  2 snd_sof_intel_hda_common,snd_intel_dspcfg
snd_usb_audio         495616  1
snd_hda_codec         204800  6 snd_hda_codec_generic,snd_hda_codec_hdmi,snd_hda_intel,snd_hda_codec_realtek,snd_soc_hdac_hda,snd_sof_intel_hda
snd_hda_core          139264  9 snd_hda_codec_generic,snd_hda_codec_hdmi,snd_hda_intel,snd_hda_ext_core,snd_hda_codec,snd_hda_codec_realtek,snd_sof_intel_hda_common,snd_soc_hdac_hda,snd_sof_intel_hda
snd_usbmidi_lib        53248  1 snd_usb_audio
snd_ump                45056  1 snd_usb_audio
snd_hwdep              20480  2 snd_usb_audio,snd_hda_codec
snd_pcm               192512  12 snd_hda_codec_hdmi,snd_hda_intel,snd_usb_audio,snd_hda_codec,soundwire_intel,snd_sof,snd_sof_intel_hda_common,snd_compress,snd_soc_core,snd_sof_utils,snd_hda_core,snd_pcm_dmaengine
snd_seq_midi           24576  0
snd_seq_midi_event     16384  1 snd_seq_midi
snd_rawmidi            57344  3 snd_seq_midi,snd_usbmidi_lib,snd_ump
snd_seq               118784  9 snd_seq_midi,snd_seq_midi_event,snd_seq_dummy
snd_seq_device         16384  4 snd_seq,snd_seq_midi,snd_ump,snd_rawmidi
snd_timer              49152  3 snd_seq,snd_hrtimer,snd_pcm
snd                   143360  24 snd_ctl_led,snd_hda_codec_generic,snd_seq,snd_seq_device,snd_hda_codec_hdmi,snd_hwdep,snd_hda_intel,snd_usb_audio,snd_usbmidi_lib,snd_hda_codec,snd_hda_codec_realtek,snd_sof,snd_timer,snd_compress,snd_soc_core,snd_ump,snd_pcm,snd_rawmidi
ledtrig_audio          12288  3 snd_ctl_led,dell_wmi,dell_laptop
soundcore              16384  2 snd_ctl_led,snd
mc                     81920  5 videodev,snd_usb_audio,videobuf2_v4l2,uvcvideo,videobuf2_common
----------------------------------------
6. Recent Kernel Logs (Filtered for USB/Audio):
[582590.536787] usb 1-1.4.1.1.1: USB disconnect, device number 34
[582590.577832] usb 1-1.4.1.1.2: USB disconnect, device number 35
[582661.634830] usb 1-1.4.1: new high-speed USB device number 36 using xhci_hcd
[582661.724322] usb 1-1.4.1: New USB device found, idVendor=05e3, idProduct=0608, bcdDevice=85.36
[582661.724331] usb 1-1.4.1: New USB device strings: Mfr=0, Product=1, SerialNumber=0
[582661.724334] usb 1-1.4.1: Product: USB2.0 Hub
[582661.725365] hub 1-1.4.1:1.0: USB hub found
[582661.999877] usb 1-1.4.1.1: new full-speed USB device number 37 using xhci_hcd
[582662.082832] usb 1-1.4.1.1: New USB device found, idVendor=0b95, idProduct=6804, bcdDevice= 0.12
[582662.082857] usb 1-1.4.1.1: New USB device strings: Mfr=1, Product=2, SerialNumber=3
[582662.082868] usb 1-1.4.1.1: Product: AX68004
[582662.082874] usb 1-1.4.1.1: Manufacturer: ASIX Electronics
[582662.082880] usb 1-1.4.1.1: SerialNumber: 00000002
[582662.086572] hub 1-1.4.1.1:1.0: USB hub found
[582662.368826] usb 1-1.4.1.1.1: new full-speed USB device number 38 using xhci_hcd
[582662.462513] usb 1-1.4.1.1.1: New USB device found, idVendor=045e, idProduct=076c, bcdDevice= 0.83
[582662.462520] usb 1-1.4.1.1.1: New USB device strings: Mfr=1, Product=2, SerialNumber=0
[582662.462522] usb 1-1.4.1.1.1: Product: Microsoft® Comfort Mouse 4500
[582662.462524] usb 1-1.4.1.1.1: Manufacturer: Microsoft
[582662.481117] input: Microsoft Microsoft® Comfort Mouse 4500 as /devices/pci0000:00/0000:00:14.0/usb1/1-1/1-1.4/1-1.4.1/1-1.4.1.1/1-1.4.1.1.1/1-1.4.1.1.1:1.0/0003:045E:076C.0016/input/input49
[582662.533198] microsoft 0003:045E:076C.0016: input,hidraw3: USB HID v1.11 Mouse [Microsoft Microsoft® Comfort Mouse 4500] on usb-0000:00:14.0-1.4.1.1.1/input0
[582662.601089] usb 1-1.4.1.1.2: new full-speed USB device number 39 using xhci_hcd
[582662.690875] usb 1-1.4.1.1.2: New USB device found, idVendor=0c45, idProduct=5004, bcdDevice= 1.07
[582662.690891] usb 1-1.4.1.1.2: New USB device strings: Mfr=1, Product=2, SerialNumber=0
[582662.690898] usb 1-1.4.1.1.2: Product: USB DEVICE
[582662.690904] usb 1-1.4.1.1.2: Manufacturer: SONiX
[582662.699410] input: SONiX USB DEVICE as /devices/pci0000:00/0000:00:14.0/usb1/1-1/1-1.4/1-1.4.1/1-1.4.1.1/1-1.4.1.1.2/1-1.4.1.1.2:1.0/0003:0C45:5004.0017/input/input50
[582662.785139] hid-generic 0003:0C45:5004.0017: input,hidraw4: USB HID v1.11 Keyboard [SONiX USB DEVICE] on usb-0000:00:14.0-1.4.1.1.2/input0
[582662.789827] input: SONiX USB DEVICE Keyboard as /devices/pci0000:00/0000:00:14.0/usb1/1-1/1-1.4/1-1.4.1/1-1.4.1.1/1-1.4.1.1.2/1-1.4.1.1.2:1.1/0003:0C45:5004.0018/input/input51
[582662.842229] input: SONiX USB DEVICE as /devices/pci0000:00/0000:00:14.0/usb1/1-1/1-1.4/1-1.4.1/1-1.4.1.1/1-1.4.1.1.2/1-1.4.1.1.2:1.1/0003:0C45:5004.0018/input/input52
[582662.842713] hid-generic 0003:0C45:5004.0018: input,hiddev1,hidraw5: USB HID v1.11 Keyboard [SONiX USB DEVICE] on usb-0000:00:14.0-1.4.1.1.2/input1
[585137.738718] usb 1-1.4.4.4.4: USB disconnect, device number 31
[585165.620528] usb 1-1.4.4.4.4: new full-speed USB device number 40 using xhci_hcd
[585165.713431] usb 1-1.4.4.4.4: New USB device found, idVendor=041e, idProduct=3237, bcdDevice= 1.00
[585165.713450] usb 1-1.4.4.4.4: New USB device strings: Mfr=1, Product=2, SerialNumber=3
[585165.713457] usb 1-1.4.4.4.4: Product: SB X-Fi Surround 5.1 Pro
[585165.713462] usb 1-1.4.4.4.4: Manufacturer: Creative Technology Ltd
[585165.713467] usb 1-1.4.4.4.4: SerialNumber: 000002EL
[585216.074064] usb 1-1.4.4.4.4: USB disconnect, device number 40
[585226.772027] usb 1-1.4.4.2: new full-speed USB device number 41 using xhci_hcd
[585226.862812] usb 1-1.4.4.2: New USB device found, idVendor=041e, idProduct=3237, bcdDevice= 1.00
[585226.862832] usb 1-1.4.4.2: New USB device strings: Mfr=1, Product=2, SerialNumber=3
[585226.862866] usb 1-1.4.4.2: Product: SB X-Fi Surround 5.1 Pro
[585226.862874] usb 1-1.4.4.2: Manufacturer: Creative Technology Ltd
[585226.862881] usb 1-1.4.4.2: SerialNumber: 000002EL
[585443.405466] usb 1-1.4.4.2: USB disconnect, device number 41
[586513.738435] usb 1-1.4.1: USB disconnect, device number 36
[586513.738447] usb 1-1.4.1.1: USB disconnect, device number 37
[586513.738451] usb 1-1.4.1.1.1: USB disconnect, device number 38
[586513.788291] usb 1-1.4.1.1.2: USB disconnect, device number 39
----------------------------------------
7. Environment Information:
Kernel: 6.8.0-51-generic
Distribution: Ubuntu 24.04.1 LTS
----------------------------------------
